<?xml version="1.0" encoding="UTF-8"?>
<!-- Generated by org.testng.reporters.JUnitReportReporter -->
<testsuite skipped="0" hostname="LVDXB86706" name="com.jungle.qa.testCases.TC_08_Validate_Footer_Link_For_Twitter" tests="1" failures="0" timestamp="2022-01-12T23:08:50 GST" time="5.007" errors="0">
  <testcase name="validateFooterLinkForTwitter" time="5.007" classname="com.jungle.qa.testCases.TC_08_Validate_Footer_Link_For_Twitter"/>
  <system-out/>
</testsuite> <!-- com.jungle.qa.testCases.TC_08_Validate_Footer_Link_For_Twitter -->
