<?xml version="1.0" encoding="UTF-8"?>
<!-- Generated by org.testng.reporters.JUnitReportReporter -->
<testsuite skipped="0" hostname="LVDXB86706" name="com.jungle.qa.testCases.TC_05_Validate_Presence_Of_HowItWorks_Subsections" tests="1" failures="0" timestamp="2022-01-12T23:08:50 GST" time="0.900" errors="0">
  <testcase name="validatePresenceOfHowItWorksSubsections" time="0.900" classname="com.jungle.qa.testCases.TC_05_Validate_Presence_Of_HowItWorks_Subsections"/>
  <system-out/>
</testsuite> <!-- com.jungle.qa.testCases.TC_05_Validate_Presence_Of_HowItWorks_Subsections -->
