<?xml version="1.0" encoding="UTF-8"?>
<!-- Generated by org.testng.reporters.JUnitReportReporter -->
<testsuite skipped="0" hostname="LVDXB86706" name="com.jungle.qa.testCases.TC_10_Validate_Footer_Link_For_Facebook" tests="1" failures="0" timestamp="2022-01-12T18:15:17 GST" time="4.800" errors="0">
  <testcase name="validateFooterLinkForFacebook" time="4.800" classname="com.jungle.qa.testCases.TC_10_Validate_Footer_Link_For_Facebook"/>
  <system-out/>
</testsuite> <!-- com.jungle.qa.testCases.TC_10_Validate_Footer_Link_For_Facebook -->
