<?xml version="1.0" encoding="UTF-8"?>
<!-- Generated by org.testng.reporters.JUnitReportReporter -->
<testsuite skipped="0" hostname="LVDXB86706" name="com.jungle.qa.testCases.TC_09_Validate_Footer_Link_For_LinkedIn" tests="1" failures="0" timestamp="2022-01-12T23:08:50 GST" time="4.691" errors="0">
  <testcase name="validateFooterLinkForLinkedIn" time="4.691" classname="com.jungle.qa.testCases.TC_09_Validate_Footer_Link_For_LinkedIn"/>
  <system-out/>
</testsuite> <!-- com.jungle.qa.testCases.TC_09_Validate_Footer_Link_For_LinkedIn -->
