<?xml version="1.0" encoding="UTF-8"?>
<!-- Generated by org.testng.reporters.JUnitReportReporter -->
<testsuite skipped="0" hostname="LVDXB86706" name="com.jungle.qa.testCases.TC_02_Validate_Title_Of_HomePage" tests="1" failures="0" timestamp="2022-01-12T23:08:50 GST" time="0.599" errors="0">
  <testcase name="validateTitleOfHomePage" time="0.599" classname="com.jungle.qa.testCases.TC_02_Validate_Title_Of_HomePage"/>
  <system-out/>
</testsuite> <!-- com.jungle.qa.testCases.TC_02_Validate_Title_Of_HomePage -->
