<?xml version="1.0" encoding="UTF-8"?>
<!-- Generated by org.testng.reporters.JUnitReportReporter -->
<testsuite skipped="0" hostname="LVDXB86706" name="com.jungle.qa.testCases.TC_03_Validate_FAQ_Answer_Is_Expanded_And_Collapsed" tests="1" failures="0" timestamp="2022-01-12T18:15:17 GST" time="1.027" errors="0">
  <testcase name="validateFAQAnswerIsExpandedAndCollapsed" time="1.027" classname="com.jungle.qa.testCases.TC_03_Validate_FAQ_Answer_Is_Expanded_And_Collapsed"/>
  <system-out/>
</testsuite> <!-- com.jungle.qa.testCases.TC_03_Validate_FAQ_Answer_Is_Expanded_And_Collapsed -->
