<?xml version="1.0" encoding="UTF-8"?>
<!-- Generated by org.testng.reporters.JUnitReportReporter -->
<testsuite skipped="0" hostname="LVDXB86706" name="com.jungle.qa.testCases.TC_07_Validate_Presence_Of_Question_And_Answer_In_FAQs_Section" tests="1" failures="0" timestamp="2022-01-12T23:08:50 GST" time="0.883" errors="0">
  <testcase name="validatePresenceOfQustionAndAnswerInFAQSection" time="0.883" classname="com.jungle.qa.testCases.TC_07_Validate_Presence_Of_Question_And_Answer_In_FAQs_Section"/>
  <system-out/>
</testsuite> <!-- com.jungle.qa.testCases.TC_07_Validate_Presence_Of_Question_And_Answer_In_FAQs_Section -->
