<?xml version="1.0" encoding="UTF-8"?>
<!-- Generated by org.testng.reporters.JUnitReportReporter -->
<testsuite skipped="0" hostname="LVDXB86706" name="com.jungle.qa.testCases.TC_03_Validate_FAQs_Are_Displayed_On_Clicking_Explore" tests="1" failures="0" timestamp="11 Jan 2022 21:00:34 GMT" time="13.707" errors="0">
  <testcase name="scrollToFAQsOnClickingExplore" time="13.707" classname="com.jungle.qa.testCases.TC_03_Validate_FAQs_Are_Displayed_On_Clicking_Explore"/>
</testsuite> <!-- com.jungle.qa.testCases.TC_03_Validate_FAQs_Are_Displayed_On_Clicking_Explore -->
