<?xml version="1.0" encoding="UTF-8"?>
<!-- Generated by org.testng.reporters.JUnitReportReporter -->
<testsuite skipped="0" hostname="LVDXB86706" name="com.jungle.qa.testCases.TC_02_Validate_Title_Of_HomePage" tests="1" failures="0" timestamp="2022-01-12T18:15:17 GST" time="0.638" errors="0">
  <testcase name="validateTitleOfHomePage" time="0.638" classname="com.jungle.qa.testCases.TC_02_Validate_Title_Of_HomePage"/>
  <system-out/>
</testsuite> <!-- com.jungle.qa.testCases.TC_02_Validate_Title_Of_HomePage -->
