<?xml version="1.0" encoding="UTF-8"?>
<!-- Generated by org.testng.reporters.JUnitReportReporter -->
<testsuite skipped="0" hostname="LVDXB86706" name="com.jungle.qa.testCases.TC_06_Validate_Presence_Of_Categories_In_Browse_By_Category_Section" tests="1" failures="0" timestamp="2022-01-12T23:08:50 GST" time="5.359" errors="0">
  <testcase name="validatePresenceOfBrowseByCategorySection" time="5.359" classname="com.jungle.qa.testCases.TC_06_Validate_Presence_Of_Categories_In_Browse_By_Category_Section"/>
  <system-out/>
</testsuite> <!-- com.jungle.qa.testCases.TC_06_Validate_Presence_Of_Categories_In_Browse_By_Category_Section -->
