<?xml version="1.0" encoding="UTF-8"?>
<!-- Generated by org.testng.reporters.JUnitReportReporter -->
<testsuite skipped="0" hostname="LVDXB86706" name="com.jungle.qa.testCases.TC_04_Validate_SignUp_Feature" tests="1" failures="0" timestamp="2022-01-12T18:15:17 GST" time="2.598" errors="0">
  <testcase name="validateSignUpFeature" time="2.598" classname="com.jungle.qa.testCases.TC_04_Validate_SignUp_Feature"/>
  <system-out/>
</testsuite> <!-- com.jungle.qa.testCases.TC_04_Validate_SignUp_Feature -->
