<?xml version="1.0" encoding="UTF-8"?>
<!-- Generated by org.testng.reporters.JUnitReportReporter -->
<testsuite skipped="0" hostname="LVDXB86706" name="com.jungle.qa.testCases.HomePage" tests="1" failures="0" timestamp="11 Jan 2022 19:47:06 GMT" time="2.538" errors="0">
  <testcase name="basePageNavigation" time="2.538" classname="com.jungle.qa.testCases.HomePage"/>
</testsuite> <!-- com.jungle.qa.testCases.HomePage -->
